<?xml version="1.0" encoding="UTF-8"?><testrun name="Runner" project="CursoCucumber" tests="6" started="6" failures="2" errors="0" ignored="0">
  <testsuite name="Runner" time="0.016">
    <testsuite name="Funcionalidade: Aprender Cucumber" time="0.016">
      <testsuite name="Cenário: Deve executar especificação" time="0.002">
        <testcase name="Dado que criei o arquivo corretamente" classname="Cenário: Deve executar especificação" time="0.0"/>
        <testcase name="Quando execultá-lo" classname="Cenário: Deve executar especificação" time="0.001"/>
        <testcase name="Então a especificação deve finalizar com sucesso" classname="Cenário: Deve executar especificação" time="0.001"/>
      </testsuite>
      <testsuite name="Cenário: Deve incrementar contator" time="0.009" incomplete="true">
        <failure>java.lang.AssertionError: expected:&lt;18&gt; but was:&lt;20&gt;&#13;
	at org.junit.Assert.fail(Assert.java:88)&#13;
	at org.junit.Assert.failNotEquals(Assert.java:834)&#13;
	at org.junit.Assert.assertEquals(Assert.java:645)&#13;
	at org.junit.Assert.assertEquals(Assert.java:631)&#13;
	at AprenderCucumber.oValorDoContadorSerá(AprenderCucumber.java:44)&#13;
	at ✽.Então o valor do contador será 18(aprender_cucumber.feature:16)&#13;
&#13;
</failure>
        <testcase name="Dado que o valor do contador é 15" classname="Cenário: Deve incrementar contator" time="0.0"/>
        <testcase name="Quando eu incrimentar em 5" classname="Cenário: Deve incrementar contator" time="0.006"/>
        <testcase name="Então o valor do contador será 18" classname="Cenário: Deve incrementar contator" time="0.003">
          <failure>java.lang.AssertionError: expected:&lt;18&gt; but was:&lt;20&gt;&#13;
	at org.junit.Assert.fail(Assert.java:88)&#13;
	at org.junit.Assert.failNotEquals(Assert.java:834)&#13;
	at org.junit.Assert.assertEquals(Assert.java:645)&#13;
	at org.junit.Assert.assertEquals(Assert.java:631)&#13;
	at AprenderCucumber.oValorDoContadorSerá(AprenderCucumber.java:44)&#13;
	at ✽.Então o valor do contador será 18(aprender_cucumber.feature:16)&#13;
&#13;
</failure>
        </testcase>
      </testsuite>
    </testsuite>
  </testsuite>
</testrun>
