<?xml version="1.0" encoding="UTF-8"?><testrun name="Runner" project="CursoCucumber" tests="1" started="1" failures="0" errors="1" ignored="0">
  <testsuite name="Runner" time="0.0">
    <testcase name="initializationError" classname="Runner" time="0.0">
      <error>cucumber.runtime.CucumberException: Error parsing feature file aprender_cucumber.feature&#13;
	at cucumber.runtime.FeatureBuilder.parse(FeatureBuilder.java:133)&#13;
	at cucumber.runtime.model.CucumberFeature.loadFromFeaturePath(CucumberFeature.java:104)&#13;
	at cucumber.runtime.model.CucumberFeature.load(CucumberFeature.java:54)&#13;
	at cucumber.runtime.model.CucumberFeature.load(CucumberFeature.java:34)&#13;
	at cucumber.runtime.RuntimeOptions.cucumberFeatures(RuntimeOptions.java:239)&#13;
	at cucumber.api.junit.Cucumber.&lt;init&gt;(Cucumber.java:62)&#13;
	at sun.reflect.NativeConstructorAccessorImpl.newInstance0(Native Method)&#13;
	at sun.reflect.NativeConstructorAccessorImpl.newInstance(Unknown Source)&#13;
	at sun.reflect.DelegatingConstructorAccessorImpl.newInstance(Unknown Source)&#13;
	at java.lang.reflect.Constructor.newInstance(Unknown Source)&#13;
	at org.junit.internal.builders.AnnotatedBuilder.buildRunner(AnnotatedBuilder.java:104)&#13;
	at org.junit.internal.builders.AnnotatedBuilder.runnerForClass(AnnotatedBuilder.java:86)&#13;
	at org.junit.runners.model.RunnerBuilder.safeRunnerForClass(RunnerBuilder.java:59)&#13;
	at org.junit.internal.builders.AllDefaultPossibilitiesBuilder.runnerForClass(AllDefaultPossibilitiesBuilder.java:26)&#13;
	at org.junit.runners.model.RunnerBuilder.safeRunnerForClass(RunnerBuilder.java:59)&#13;
	at org.junit.internal.requests.ClassRequest.getRunner(ClassRequest.java:33)&#13;
	at org.eclipse.jdt.internal.junit4.runner.JUnit4TestLoader.createUnfilteredTest(JUnit4TestLoader.java:90)&#13;
	at org.eclipse.jdt.internal.junit4.runner.JUnit4TestLoader.createTest(JUnit4TestLoader.java:76)&#13;
	at org.eclipse.jdt.internal.junit4.runner.JUnit4TestLoader.loadTests(JUnit4TestLoader.java:49)&#13;
	at org.eclipse.jdt.internal.junit.runner.RemoteTestRunner.runTests(RemoteTestRunner.java:525)&#13;
	at org.eclipse.jdt.internal.junit.runner.RemoteTestRunner.runTests(RemoteTestRunner.java:763)&#13;
	at org.eclipse.jdt.internal.junit.runner.RemoteTestRunner.run(RemoteTestRunner.java:463)&#13;
	at org.eclipse.jdt.internal.junit.runner.RemoteTestRunner.main(RemoteTestRunner.java:209)&#13;
Caused by: gherkin.lexer.LexingError: Lexing error on line 22: '-----------------------------------------------------------------------------------------&#13;
Cenário: Deve criar steps genéricos para estes passos&#13;
    Dado que o ticket é AF345&#13;
    Dado que o valor da passagem é R$ 230,45&#13;
    Dado que o nome do passageiro é "Fulano da Silva"&#13;
    Dado que o telefone do passageiro é 9999-9999&#13;
    Quando criar os steps&#13;
    Então o teste vai funcionar&#13;
&#13;
Cenário: Deve reaproveitar os steps "Dado" do cenário anterior&#13;
    Dado que o ticket é AB167&#13;
    Dado que o ticket especial é AB167&#13;
    Dado que o valor da passagem é R$ 1120,23&#13;
    Dado que o nome do passageiro é "Cicrano de Oliveira"&#13;
    Dado que o telefone do passageiro é 9888-8888&#13;
&#13;
Cenário: Deve negar todos os steps "Dado" dos cenários anteriores&#13;
    Dado que o ticket é CD123&#13;
    Dado que o ticket é AG1234&#13;
    Dado que o valor da passagem é R$ 1.1345,56&#13;
    Dado que o nome do passageiro é "Beltrano Souza Matos de Alcântara Azevedo"&#13;
    Dado que o telefone do passageiro é 1234-5678&#13;
    Dado que o telefone do passageiro é 999-2223
%_FEATURE_END_%'. See http://wiki.github.com/cucumber/gherkin/lexingerror for more information.&#13;
	at gherkin.lexer.Pt.scan(Pt.java:1058)&#13;
	at gherkin.lexer.I18nLexer.scan(I18nLexer.java:36)&#13;
	at gherkin.parser.Parser.parse(Parser.java:62)&#13;
	at cucumber.runtime.FeatureBuilder.parse(FeatureBuilder.java:131)&#13;
	... 22 more&#13;
&#13;
</error>
    </testcase>
  </testsuite>
</testrun>
